============================= test session starts ==============================
platform linux -- Python 3.12.3, pytest-9.0.3, pluggy-1.6.0 -- /home/jeevashri/gymflow-backend/.venv/bin/python3
cachedir: .pytest_cache
rootdir: /home/jeevashri/gymflow-backend
plugins: anyio-4.13.0, asyncio-1.3.0
asyncio: mode=Mode.STRICT, debug=False, asyncio_default_fixture_loop_scope=None, asyncio_default_test_loop_scope=function
collecting ... collected 1 item

tests/test_auth_register.py::test_register_db_failure_no_leak FAILED     [100%]

=================================== FAILURES ===================================
_______________________ test_register_db_failure_no_leak _______________________

client = <httpx.AsyncClient object at 0x769d758f2360>
monkeypatch = <_pytest.monkeypatch.MonkeyPatch object at 0x769d758f1fa0>

    @pytest.mark.asyncio
    async def test_register_db_failure_no_leak(client, monkeypatch):
        payload = {
            "gym_name": "Fail Gym",
            "phone": "123456789",
            "city": "Delhi",
            "plan": "starter",
            "owner_name": "Fail Owner",
            "email": "fail@example.com",
            "password": "Password123"
        }
    
        # Mock db.execute to raise Exception
        async def mock_execute(*args, **kwargs):
            raise Exception("Raw database error that should not leak")
    
        # We patch AsyncSession.execute
        monkeypatch.setattr("sqlalchemy.ext.asyncio.AsyncSession.execute", mock_execute)
    
        response = await client.post("/auth/register", json=payload)
        assert response.status_code == 500
>       assert response.json()["detail"] == "An internal server error occurred during registration."
E       AssertionError: assert 'Registration...se try again.' == 'An internal ...registration.'
E         
E         - An internal server error occurred during registration.
E         + Registration failed due to a server error. Please try again.

tests/test_auth_register.py:180: AssertionError
------------------------------ Captured log call -------------------------------
ERROR    app.routers.auth:auth.py:105 Unexpected error in /auth/register: Raw database error that should not leak
Traceback (most recent call last):
  File "/home/jeevashri/gymflow-backend/app/routers/auth.py", line 42, in register
    result = await db.execute(stmt)
             ^^^^^^^^^^^^^^^^^^^^^^
  File "/home/jeevashri/gymflow-backend/tests/test_auth_register.py", line 173, in mock_execute
    raise Exception("Raw database error that should not leak")
Exception: Raw database error that should not leak
=============================== warnings summary ===============================
.venv/lib/python3.12/site-packages/passlib/utils/__init__.py:854
  /home/jeevashri/gymflow-backend/.venv/lib/python3.12/site-packages/passlib/utils/__init__.py:854: DeprecationWarning: 'crypt' is deprecated and slated for removal in Python 3.13
    from crypt import crypt as _crypt

app/schemas/member.py:20
  /home/jeevashri/gymflow-backend/app/schemas/member.py:20: PydanticDeprecatedSince20: Support for class-based `config` is deprecated, use ConfigDict instead. Deprecated in Pydantic V2.0 to be removed in V3.0. See Pydantic V2 Migration Guide at https://errors.pydantic.dev/2.13/migration/
    class MemberRead(BaseModel):

app/schemas/subscription.py:17
  /home/jeevashri/gymflow-backend/app/schemas/subscription.py:17: PydanticDeprecatedSince20: Support for class-based `config` is deprecated, use ConfigDict instead. Deprecated in Pydantic V2.0 to be removed in V3.0. See Pydantic V2 Migration Guide at https://errors.pydantic.dev/2.13/migration/
    class ExpiringMember(BaseModel):

app/schemas/payment.py:12
  /home/jeevashri/gymflow-backend/app/schemas/payment.py:12: PydanticDeprecatedSince20: Support for class-based `config` is deprecated, use ConfigDict instead. Deprecated in Pydantic V2.0 to be removed in V3.0. See Pydantic V2 Migration Guide at https://errors.pydantic.dev/2.13/migration/
    class PaymentRead(BaseModel):

app/main.py:29
  /home/jeevashri/gymflow-backend/app/main.py:29: DeprecationWarning: 
          on_event is deprecated, use lifespan event handlers instead.
  
          Read more about it in the
          [FastAPI docs for Lifespan Events](https://fastapi.tiangolo.com/advanced/events/).
          
    @app.on_event("startup")

.venv/lib/python3.12/site-packages/fastapi/applications.py:4598
.venv/lib/python3.12/site-packages/fastapi/applications.py:4598
  /home/jeevashri/gymflow-backend/.venv/lib/python3.12/site-packages/fastapi/applications.py:4598: DeprecationWarning: 
          on_event is deprecated, use lifespan event handlers instead.
  
          Read more about it in the
          [FastAPI docs for Lifespan Events](https://fastapi.tiangolo.com/advanced/events/).
          
    return self.router.on_event(event_type)  # ty: ignore[deprecated]

app/main.py:38
  /home/jeevashri/gymflow-backend/app/main.py:38: DeprecationWarning: 
          on_event is deprecated, use lifespan event handlers instead.
  
          Read more about it in the
          [FastAPI docs for Lifespan Events](https://fastapi.tiangolo.com/advanced/events/).
          
    @app.on_event("shutdown")

-- Docs: https://docs.pytest.org/en/stable/how-to/capture-warnings.html
=========================== short test summary info ============================
FAILED tests/test_auth_register.py::test_register_db_failure_no_leak - Assert...
======================== 1 failed, 8 warnings in 0.69s =========================
